0 verbose cli /opt/homebrew/Cellar/node@20/20.19.0_1/bin/node /opt/homebrew/Cellar/node@20/20.19.0_1/lib/node_modules/npm/bin/npm-cli.js
1 info using npm@10.8.2
2 info using node@v20.19.0
3 silly config load:file:/opt/homebrew/Cellar/node@20/20.19.0_1/lib/node_modules/npm/npmrc
4 silly config load:file:/Users/n/Code/creator/.npmrc
5 silly config load:file:/opt/homebrew/etc/npmrc
6 verbose title npm exec prisma generate
7 verbose argv "exec" "--" "prisma" "generate"
8 verbose logfile logs-max:10 dir:/Users/n/Code/creator/.npm/_logs/2025-11-23T19_13_55_251Z-
9 verbose logfile /Users/n/Code/creator/.npm/_logs/2025-11-23T19_13_55_251Z-debug-0.log
10 silly logfile done cleaning log files
11 http fetch GET 200 https://registry.npmjs.org/npm 308ms
12 verbose cwd /Users/n/Code/creator
13 verbose os Darwin 24.2.0
14 verbose node v20.19.0
15 verbose npm  v10.8.2
16 notice
16 notice New [31mmajor[39m version of npm available! [31m10.8.2[39m -> [34m11.6.3[39m
16 notice Changelog: [34mhttps://github.com/npm/cli/releases/tag/v11.6.3[39m
16 notice To update run: [4mnpm install -g npm@11.6.3[24m
16 notice  { force: true, [Symbol(proc-log.meta)]: true }
17 verbose exit 0
18 info ok
